::1 - - [15/Oct/2021:16:13:13 +0000] "GET /api/user/currentuser HTTP/1.1" 401 38 "http://localhost:4200/" "Mozilla/5.0 (Windows NT 10.0; Win64; x64) AppleWebKit/537.36 (KHTML, like Gecko) Chrome/94.0.4606.81 Safari/537.36"
::1 - - [15/Oct/2021:16:14:12 +0000] "OPTIONS /api/user/login HTTP/1.1" 200 20 "http://localhost:4200/" "Mozilla/5.0 (Windows NT 10.0; Win64; x64) AppleWebKit/537.36 (KHTML, like Gecko) Chrome/94.0.4606.81 Safari/537.36"
::1 - - [15/Oct/2021:16:15:44 +0000] "OPTIONS /api/user/login HTTP/1.1" 200 20 "http://localhost:4200/" "Mozilla/5.0 (Windows NT 10.0; Win64; x64) AppleWebKit/537.36 (KHTML, like Gecko) Chrome/94.0.4606.81 Safari/537.36"
::1 - - [15/Oct/2021:16:17:16 +0000] "OPTIONS /api/user/login HTTP/1.1" 200 20 "http://localhost:4200/" "Mozilla/5.0 (Windows NT 10.0; Win64; x64) AppleWebKit/537.36 (KHTML, like Gecko) Chrome/94.0.4606.81 Safari/537.36"
::1 - - [15/Oct/2021:16:17:17 +0000] "POST /api/user/login HTTP/1.1" 200 181 "http://localhost:4200/" "Mozilla/5.0 (Windows NT 10.0; Win64; x64) AppleWebKit/537.36 (KHTML, like Gecko) Chrome/94.0.4606.81 Safari/537.36"
::1 - - [15/Oct/2021:16:17:17 +0000] "GET /api/user/isauth HTTP/1.1" 200 43 "http://localhost:4200/" "Mozilla/5.0 (Windows NT 10.0; Win64; x64) AppleWebKit/537.36 (KHTML, like Gecko) Chrome/94.0.4606.81 Safari/537.36"
::1 - - [15/Oct/2021:16:17:17 +0000] "GET /api/notif HTTP/1.1" 200 148 "http://localhost:4200/" "Mozilla/5.0 (Windows NT 10.0; Win64; x64) AppleWebKit/537.36 (KHTML, like Gecko) Chrome/94.0.4606.81 Safari/537.36"
::1 - - [15/Oct/2021:16:17:17 +0000] "GET /images/startup-business-strategy-technology-concept_1633940433372.png HTTP/1.1" 404 208 "http://localhost:4200/" "Mozilla/5.0 (Windows NT 10.0; Win64; x64) AppleWebKit/537.36 (KHTML, like Gecko) Chrome/94.0.4606.81 Safari/537.36"
::1 - - [15/Oct/2021:16:17:17 +0000] "GET /api/post/2/0 HTTP/1.1" 200 1227 "http://localhost:4200/" "Mozilla/5.0 (Windows NT 10.0; Win64; x64) AppleWebKit/537.36 (KHTML, like Gecko) Chrome/94.0.4606.81 Safari/537.36"
::1 - - [15/Oct/2021:16:17:17 +0000] "GET /images/startup-business-strategy-technology-concept_1633940433372.png HTTP/1.1" 404 208 "http://localhost:4200/" "Mozilla/5.0 (Windows NT 10.0; Win64; x64) AppleWebKit/537.36 (KHTML, like Gecko) Chrome/94.0.4606.81 Safari/537.36"
::1 - - [15/Oct/2021:16:17:25 +0000] "GET /api/post/2/2 HTTP/1.1" 200 1695 "http://localhost:4200/" "Mozilla/5.0 (Windows NT 10.0; Win64; x64) AppleWebKit/537.36 (KHTML, like Gecko) Chrome/94.0.4606.81 Safari/537.36"
::1 - - [15/Oct/2021:16:17:25 +0000] "GET /images/startup-business-strategy-technology-concept_1633940433372.png HTTP/1.1" 404 208 "http://localhost:4200/" "Mozilla/5.0 (Windows NT 10.0; Win64; x64) AppleWebKit/537.36 (KHTML, like Gecko) Chrome/94.0.4606.81 Safari/537.36"
::1 - - [15/Oct/2021:16:17:25 +0000] "GET /images/Walter_White_1601739021689.png HTTP/1.1" 200 310248 "http://localhost:4200/" "Mozilla/5.0 (Windows NT 10.0; Win64; x64) AppleWebKit/537.36 (KHTML, like Gecko) Chrome/94.0.4606.81 Safari/537.36"
::1 - - [15/Oct/2021:16:17:25 +0000] "GET /images/Tyler_Durden_1600855300190.png HTTP/1.1" 200 419902 "http://localhost:4200/" "Mozilla/5.0 (Windows NT 10.0; Win64; x64) AppleWebKit/537.36 (KHTML, like Gecko) Chrome/94.0.4606.81 Safari/537.36"
::1 - - [15/Oct/2021:16:17:25 +0000] "GET /images/beatrix_kiddo_1600855914161.png HTTP/1.1" 200 488443 "http://localhost:4200/" "Mozilla/5.0 (Windows NT 10.0; Win64; x64) AppleWebKit/537.36 (KHTML, like Gecko) Chrome/94.0.4606.81 Safari/537.36"
::1 - - [15/Oct/2021:16:17:25 +0000] "GET /images/okinawa_1600856120106.png HTTP/1.1" 200 962233 "http://localhost:4200/" "Mozilla/5.0 (Windows NT 10.0; Win64; x64) AppleWebKit/537.36 (KHTML, like Gecko) Chrome/94.0.4606.81 Safari/537.36"
::1 - - [15/Oct/2021:16:17:28 +0000] "GET /api/user/isauth HTTP/1.1" 304 - "http://localhost:4200/" "Mozilla/5.0 (Windows NT 10.0; Win64; x64) AppleWebKit/537.36 (KHTML, like Gecko) Chrome/94.0.4606.81 Safari/537.36"
::1 - - [15/Oct/2021:16:17:28 +0000] "GET /api/user/11 HTTP/1.1" 200 190 "http://localhost:4200/" "Mozilla/5.0 (Windows NT 10.0; Win64; x64) AppleWebKit/537.36 (KHTML, like Gecko) Chrome/94.0.4606.81 Safari/537.36"
::1 - - [15/Oct/2021:16:17:28 +0000] "GET /images/startup-business-strategy-technology-concept_1633940433372.png HTTP/1.1" 404 208 "http://localhost:4200/" "Mozilla/5.0 (Windows NT 10.0; Win64; x64) AppleWebKit/537.36 (KHTML, like Gecko) Chrome/94.0.4606.81 Safari/537.36"
::1 - - [15/Oct/2021:16:17:28 +0000] "GET /api/user/11/posts HTTP/1.1" 200 1227 "http://localhost:4200/" "Mozilla/5.0 (Windows NT 10.0; Win64; x64) AppleWebKit/537.36 (KHTML, like Gecko) Chrome/94.0.4606.81 Safari/537.36"
::1 - - [15/Oct/2021:16:17:28 +0000] "GET /images/startup-business-strategy-technology-concept_1633940433372.png HTTP/1.1" 404 208 "http://localhost:4200/" "Mozilla/5.0 (Windows NT 10.0; Win64; x64) AppleWebKit/537.36 (KHTML, like Gecko) Chrome/94.0.4606.81 Safari/537.36"
::1 - - [15/Oct/2021:16:17:29 +0000] "GET /api/user/isauth HTTP/1.1" 304 - "http://localhost:4200/" "Mozilla/5.0 (Windows NT 10.0; Win64; x64) AppleWebKit/537.36 (KHTML, like Gecko) Chrome/94.0.4606.81 Safari/537.36"
::1 - - [15/Oct/2021:16:17:29 +0000] "GET /api/user HTTP/1.1" 200 725 "http://localhost:4200/" "Mozilla/5.0 (Windows NT 10.0; Win64; x64) AppleWebKit/537.36 (KHTML, like Gecko) Chrome/94.0.4606.81 Safari/537.36"
::1 - - [15/Oct/2021:16:17:29 +0000] "GET /images/startup-business-strategy-technology-concept_1633940433372.png HTTP/1.1" 404 208 "http://localhost:4200/" "Mozilla/5.0 (Windows NT 10.0; Win64; x64) AppleWebKit/537.36 (KHTML, like Gecko) Chrome/94.0.4606.81 Safari/537.36"
::1 - - [15/Oct/2021:16:17:29 +0000] "GET /images/Walter_White_1601739021689.png HTTP/1.1" 304 - "http://localhost:4200/" "Mozilla/5.0 (Windows NT 10.0; Win64; x64) AppleWebKit/537.36 (KHTML, like Gecko) Chrome/94.0.4606.81 Safari/537.36"
::1 - - [15/Oct/2021:16:17:29 +0000] "GET /images/Tyler_Durden_1600855300190.png HTTP/1.1" 304 - "http://localhost:4200/" "Mozilla/5.0 (Windows NT 10.0; Win64; x64) AppleWebKit/537.36 (KHTML, like Gecko) Chrome/94.0.4606.81 Safari/537.36"
::1 - - [15/Oct/2021:16:17:29 +0000] "GET /images/beatrix_kiddo_1600855914161.png HTTP/1.1" 304 - "http://localhost:4200/" "Mozilla/5.0 (Windows NT 10.0; Win64; x64) AppleWebKit/537.36 (KHTML, like Gecko) Chrome/94.0.4606.81 Safari/537.36"
::1 - - [15/Oct/2021:16:17:29 +0000] "GET /images/Daryl_Dixon_1600853872625.png HTTP/1.1" 200 367678 "http://localhost:4200/" "Mozilla/5.0 (Windows NT 10.0; Win64; x64) AppleWebKit/537.36 (KHTML, like Gecko) Chrome/94.0.4606.81 Safari/537.36"
::1 - - [15/Oct/2021:16:17:29 +0000] "GET /images/Arya_Stark_1600854667218.png HTTP/1.1" 200 382862 "http://localhost:4200/" "Mozilla/5.0 (Windows NT 10.0; Win64; x64) AppleWebKit/537.36 (KHTML, like Gecko) Chrome/94.0.4606.81 Safari/537.36"
::1 - - [15/Oct/2021:16:17:33 +0000] "GET /api/user/isauth HTTP/1.1" 304 - "http://localhost:4200/" "Mozilla/5.0 (Windows NT 10.0; Win64; x64) AppleWebKit/537.36 (KHTML, like Gecko) Chrome/94.0.4606.81 Safari/537.36"
::1 - - [15/Oct/2021:16:17:33 +0000] "GET /api/user/11 HTTP/1.1" 304 - "http://localhost:4200/" "Mozilla/5.0 (Windows NT 10.0; Win64; x64) AppleWebKit/537.36 (KHTML, like Gecko) Chrome/94.0.4606.81 Safari/537.36"
::1 - - [15/Oct/2021:16:17:33 +0000] "GET /images/startup-business-strategy-technology-concept_1633940433372.png HTTP/1.1" 404 208 "http://localhost:4200/" "Mozilla/5.0 (Windows NT 10.0; Win64; x64) AppleWebKit/537.36 (KHTML, like Gecko) Chrome/94.0.4606.81 Safari/537.36"
::1 - - [15/Oct/2021:16:17:33 +0000] "GET /api/user/11/posts HTTP/1.1" 304 - "http://localhost:4200/" "Mozilla/5.0 (Windows NT 10.0; Win64; x64) AppleWebKit/537.36 (KHTML, like Gecko) Chrome/94.0.4606.81 Safari/537.36"
::1 - - [15/Oct/2021:16:17:33 +0000] "GET /images/startup-business-strategy-technology-concept_1633940433372.png HTTP/1.1" 404 208 "http://localhost:4200/" "Mozilla/5.0 (Windows NT 10.0; Win64; x64) AppleWebKit/537.36 (KHTML, like Gecko) Chrome/94.0.4606.81 Safari/537.36"
::1 - - [15/Oct/2021:16:29:10 +0000] "GET /api/user/logout HTTP/1.1" 200 38 "http://localhost:4200/" "Mozilla/5.0 (Windows NT 10.0; Win64; x64) AppleWebKit/537.36 (KHTML, like Gecko) Chrome/94.0.4606.81 Safari/537.36"
::1 - - [15/Oct/2021:16:29:10 +0000] "GET /api/user/isauth HTTP/1.1" 304 - "http://localhost:4200/" "Mozilla/5.0 (Windows NT 10.0; Win64; x64) AppleWebKit/537.36 (KHTML, like Gecko) Chrome/94.0.4606.81 Safari/537.36"
::1 - - [15/Oct/2021:16:29:31 +0000] "OPTIONS /api/user/login HTTP/1.1" 200 20 "http://localhost:4200/" "Mozilla/5.0 (Windows NT 10.0; Win64; x64) AppleWebKit/537.36 (KHTML, like Gecko) Chrome/94.0.4606.81 Safari/537.36"
::1 - - [15/Oct/2021:16:46:19 +0000] "OPTIONS /api/user/login HTTP/1.1" 200 20 "http://localhost:4200/" "Mozilla/5.0 (Windows NT 10.0; Win64; x64) AppleWebKit/537.36 (KHTML, like Gecko) Chrome/94.0.4606.81 Safari/537.36"
::1 - - [15/Oct/2021:16:48:26 +0000] "OPTIONS /api/user/login HTTP/1.1" 200 20 "http://localhost:4200/" "Mozilla/5.0 (Windows NT 10.0; Win64; x64) AppleWebKit/537.36 (KHTML, like Gecko) Chrome/94.0.4606.81 Safari/537.36"
::1 - - [15/Oct/2021:16:51:11 +0000] "OPTIONS /api/user/login HTTP/1.1" 200 20 "http://localhost:4200/" "Mozilla/5.0 (Windows NT 10.0; Win64; x64) AppleWebKit/537.36 (KHTML, like Gecko) Chrome/94.0.4606.81 Safari/537.36"
::1 - - [15/Oct/2021:16:53:11 +0000] "OPTIONS /api/user/login HTTP/1.1" 200 20 "http://localhost:4200/" "Mozilla/5.0 (Windows NT 10.0; Win64; x64) AppleWebKit/537.36 (KHTML, like Gecko) Chrome/94.0.4606.81 Safari/537.36"
::1 - - [15/Oct/2021:16:53:11 +0000] "POST /api/user/login HTTP/1.1" 200 181 "http://localhost:4200/" "Mozilla/5.0 (Windows NT 10.0; Win64; x64) AppleWebKit/537.36 (KHTML, like Gecko) Chrome/94.0.4606.81 Safari/537.36"
::1 - - [15/Oct/2021:16:53:11 +0000] "GET /api/user/isauth HTTP/1.1" 304 - "http://localhost:4200/" "Mozilla/5.0 (Windows NT 10.0; Win64; x64) AppleWebKit/537.36 (KHTML, like Gecko) Chrome/94.0.4606.81 Safari/537.36"
::1 - - [15/Oct/2021:16:53:11 +0000] "GET /images/startup-business-strategy-technology-concept_1633940433372.png HTTP/1.1" 404 208 "http://localhost:4200/" "Mozilla/5.0 (Windows NT 10.0; Win64; x64) AppleWebKit/537.36 (KHTML, like Gecko) Chrome/94.0.4606.81 Safari/537.36"
::1 - - [15/Oct/2021:16:53:11 +0000] "GET /api/notif HTTP/1.1" 304 - "http://localhost:4200/" "Mozilla/5.0 (Windows NT 10.0; Win64; x64) AppleWebKit/537.36 (KHTML, like Gecko) Chrome/94.0.4606.81 Safari/537.36"
::1 - - [15/Oct/2021:16:53:11 +0000] "GET /api/post/2/0 HTTP/1.1" 304 - "http://localhost:4200/" "Mozilla/5.0 (Windows NT 10.0; Win64; x64) AppleWebKit/537.36 (KHTML, like Gecko) Chrome/94.0.4606.81 Safari/537.36"
::1 - - [15/Oct/2021:16:53:12 +0000] "GET /images/startup-business-strategy-technology-concept_1633940433372.png HTTP/1.1" 404 208 "http://localhost:4200/" "Mozilla/5.0 (Windows NT 10.0; Win64; x64) AppleWebKit/537.36 (KHTML, like Gecko) Chrome/94.0.4606.81 Safari/537.36"
::1 - - [15/Oct/2021:16:55:27 +0000] "GET /api/user/currentuser HTTP/1.1" 200 150 "http://localhost:4200/" "Mozilla/5.0 (Windows NT 10.0; Win64; x64) AppleWebKit/537.36 (KHTML, like Gecko) Chrome/94.0.4606.81 Safari/537.36"
::1 - - [15/Oct/2021:16:55:27 +0000] "GET /api/user/isauth HTTP/1.1" 304 - "http://localhost:4200/" "Mozilla/5.0 (Windows NT 10.0; Win64; x64) AppleWebKit/537.36 (KHTML, like Gecko) Chrome/94.0.4606.81 Safari/537.36"
::1 - - [15/Oct/2021:16:55:27 +0000] "GET /api/notif HTTP/1.1" 304 - "http://localhost:4200/" "Mozilla/5.0 (Windows NT 10.0; Win64; x64) AppleWebKit/537.36 (KHTML, like Gecko) Chrome/94.0.4606.81 Safari/537.36"
::1 - - [15/Oct/2021:16:55:27 +0000] "GET /api/post/2/0 HTTP/1.1" 304 - "http://localhost:4200/" "Mozilla/5.0 (Windows NT 10.0; Win64; x64) AppleWebKit/537.36 (KHTML, like Gecko) Chrome/94.0.4606.81 Safari/537.36"
::1 - - [15/Oct/2021:16:55:27 +0000] "GET /images/startup-business-strategy-technology-concept_1633940433372.png HTTP/1.1" 404 208 "http://localhost:4200/" "Mozilla/5.0 (Windows NT 10.0; Win64; x64) AppleWebKit/537.36 (KHTML, like Gecko) Chrome/94.0.4606.81 Safari/537.36"
::1 - - [15/Oct/2021:16:55:39 +0000] "GET /api/user/logout HTTP/1.1" 304 - "http://localhost:4200/" "Mozilla/5.0 (Windows NT 10.0; Win64; x64) AppleWebKit/537.36 (KHTML, like Gecko) Chrome/94.0.4606.81 Safari/537.36"
::1 - - [15/Oct/2021:16:55:59 +0000] "OPTIONS /api/user/login HTTP/1.1" 200 20 "http://localhost:4200/" "Mozilla/5.0 (Windows NT 10.0; Win64; x64) AppleWebKit/537.36 (KHTML, like Gecko) Chrome/94.0.4606.81 Safari/537.36"
::1 - - [15/Oct/2021:16:55:59 +0000] "POST /api/user/login HTTP/1.1" 200 181 "http://localhost:4200/" "Mozilla/5.0 (Windows NT 10.0; Win64; x64) AppleWebKit/537.36 (KHTML, like Gecko) Chrome/94.0.4606.81 Safari/537.36"
::1 - - [15/Oct/2021:16:55:59 +0000] "GET /api/user/isauth HTTP/1.1" 304 - "http://localhost:4200/" "Mozilla/5.0 (Windows NT 10.0; Win64; x64) AppleWebKit/537.36 (KHTML, like Gecko) Chrome/94.0.4606.81 Safari/537.36"
::1 - - [15/Oct/2021:16:55:59 +0000] "GET /api/notif HTTP/1.1" 304 - "http://localhost:4200/" "Mozilla/5.0 (Windows NT 10.0; Win64; x64) AppleWebKit/537.36 (KHTML, like Gecko) Chrome/94.0.4606.81 Safari/537.36"
::1 - - [15/Oct/2021:16:55:59 +0000] "GET /images/startup-business-strategy-technology-concept_1633940433372.png HTTP/1.1" 404 208 "http://localhost:4200/" "Mozilla/5.0 (Windows NT 10.0; Win64; x64) AppleWebKit/537.36 (KHTML, like Gecko) Chrome/94.0.4606.81 Safari/537.36"
::1 - - [15/Oct/2021:16:55:59 +0000] "GET /api/post/2/0 HTTP/1.1" 304 - "http://localhost:4200/" "Mozilla/5.0 (Windows NT 10.0; Win64; x64) AppleWebKit/537.36 (KHTML, like Gecko) Chrome/94.0.4606.81 Safari/537.36"
::1 - - [15/Oct/2021:16:55:59 +0000] "GET /images/startup-business-strategy-technology-concept_1633940433372.png HTTP/1.1" 404 208 "http://localhost:4200/" "Mozilla/5.0 (Windows NT 10.0; Win64; x64) AppleWebKit/537.36 (KHTML, like Gecko) Chrome/94.0.4606.81 Safari/537.36"
::1 - - [15/Oct/2021:16:57:43 +0000] "GET /api/user/logout HTTP/1.1" 304 - "http://localhost:4200/" "Mozilla/5.0 (Windows NT 10.0; Win64; x64) AppleWebKit/537.36 (KHTML, like Gecko) Chrome/94.0.4606.81 Safari/537.36"
::1 - - [15/Oct/2021:16:58:11 +0000] "OPTIONS /api/user/login HTTP/1.1" 200 20 "http://localhost:4200/" "Mozilla/5.0 (Windows NT 10.0; Win64; x64) AppleWebKit/537.36 (KHTML, like Gecko) Chrome/94.0.4606.81 Safari/537.36"
::1 - - [15/Oct/2021:16:58:58 +0000] "OPTIONS /api/user/login HTTP/1.1" 200 20 "http://localhost:4200/" "Mozilla/5.0 (Windows NT 10.0; Win64; x64) AppleWebKit/537.36 (KHTML, like Gecko) Chrome/94.0.4606.81 Safari/537.36"
::1 - - [15/Oct/2021:16:59:49 +0000] "OPTIONS /api/user/login HTTP/1.1" 200 20 "http://localhost:4200/" "Mozilla/5.0 (Windows NT 10.0; Win64; x64) AppleWebKit/537.36 (KHTML, like Gecko) Chrome/94.0.4606.81 Safari/537.36"
::1 - - [15/Oct/2021:17:00:46 +0000] "OPTIONS /api/user/login HTTP/1.1" 200 20 "http://localhost:4200/" "Mozilla/5.0 (Windows NT 10.0; Win64; x64) AppleWebKit/537.36 (KHTML, like Gecko) Chrome/94.0.4606.81 Safari/537.36"
::1 - - [16/Oct/2021:19:30:25 +0000] "GET /api/user/currentuser HTTP/1.1" 401 38 "http://localhost:4200/" "Mozilla/5.0 (Windows NT 10.0; Win64; x64) AppleWebKit/537.36 (KHTML, like Gecko) Chrome/94.0.4606.81 Safari/537.36"
::1 - - [16/Oct/2021:19:30:25 +0000] "GET /api/user/isauth HTTP/1.1" 401 38 "http://localhost:4200/" "Mozilla/5.0 (Windows NT 10.0; Win64; x64) AppleWebKit/537.36 (KHTML, like Gecko) Chrome/94.0.4606.81 Safari/537.36"
::1 - - [16/Oct/2021:19:30:37 +0000] "OPTIONS /api/user/login HTTP/1.1" 200 20 "http://localhost:4200/" "Mozilla/5.0 (Windows NT 10.0; Win64; x64) AppleWebKit/537.36 (KHTML, like Gecko) Chrome/94.0.4606.81 Safari/537.36"
::1 - - [16/Oct/2021:19:31:27 +0000] "OPTIONS /api/user/login HTTP/1.1" 200 20 "http://localhost:4200/" "Mozilla/5.0 (Windows NT 10.0; Win64; x64) AppleWebKit/537.36 (KHTML, like Gecko) Chrome/94.0.4606.81 Safari/537.36"
::1 - - [16/Oct/2021:19:31:29 +0000] "OPTIONS /api/user/login HTTP/1.1" 200 20 "http://localhost:4200/" "Mozilla/5.0 (Windows NT 10.0; Win64; x64) AppleWebKit/537.36 (KHTML, like Gecko) Chrome/94.0.4606.81 Safari/537.36"
